\BOOKMARK [1][-]{section.1}{\376\377\000I\000n\000t\000r\000o\000d\000u\000c\000t\000i\000o\000n}{}% 1
\BOOKMARK [1][-]{section.2}{\376\377\000E\000j\000e\000r\000c\000i\000c\000i\000o\000\040\0007}{}% 2
\BOOKMARK [1][-]{section.3}{\376\377\000E\000j\000e\000r\000c\000i\000c\000i\000o\000\040\0002\0002\000*}{}% 3
\BOOKMARK [1][-]{section.4}{\376\377\0002\000.\0005\000\040\000O\000C\000W}{}% 4
\BOOKMARK [1][-]{section.5}{\376\377\0007\000\040\000*}{}% 5
\BOOKMARK [1][-]{section.6}{\376\377\000E\000j\000e\000r\000c\000i\000c\000i\000o\000\040\0007\0006\000\040\000*}{}% 6
\BOOKMARK [1][-]{section.7}{\376\377\000E\000j\000e\000r\000c\000i\000c\000i\000o\000\040\0007\000\040\000c\000a\000p\000\040\0005}{}% 7
\BOOKMARK [1][-]{section.8}{\376\377\000P\000r\000o\000b\000l\000e\000m\000a\000\040\0001\000\040\000M\000a\000y\000o\000\040\0002\0000\0002\0003}{}% 8
\BOOKMARK [1][-]{section.9}{\376\377\000P\000r\000o\000l\000e\000m\000a\000\040\0002\000\040\000M\000a\000y\000o\000\040\0002\0000\0002\0002\000.}{}% 9
\BOOKMARK [1][-]{section.10}{\376\377\000E\000j\000e\000r\000c\000i\000c\000i\000o\000\040\000p\000a\000r\000a\000\040\000m\000i\000\040\000a\000m\000i\000g\000u\000i\000\040\000a\000l\000e\000j\000a\000n\000d\000r\000o\000m\000e\000d\000a}{}% 10
\BOOKMARK [1][-]{section.11}{\376\377\000O\000t\000r\000o\000\040\000p\000r\000o\000b\000l\000e\000m\000a\000\040\000m\000\341\000s\000\040\000p\000a\000r\000a\000\040\000m\000i\000\040\000v\000e\000s\000t\000\355\000b\000u\000l\000o\000\040\000:\000v}{}% 11
\BOOKMARK [1][-]{section.12}{\376\377\000P\000r\000o\000b\000l\000e\000m\000a\000\040\0002\000\040\000E\000n\000e\000r\000o\000\040\0002\0000\0002\0002\000\040\000\050\000p\000a\000r\000a\000\040\000m\000i\000\040\000a\000m\000i\000g\000o\000\040\000y\000i\000j\000a\000\051}{}% 12
\BOOKMARK [1][-]{section.13}{\376\377\000O\000C\000W\000,\000\040\000e\000j\000.\000\040\0001\000.\0004\000.\0002}{}% 13
\BOOKMARK [1][-]{section.14}{\376\377\000E\000j\000e\000r\000c\000i\000c\000i\000o\000\040\0001\0008\000\040\000\050\0003\000.\0002\000\051\000\040\000d\000e\000l\000\040\000l\000i\000b\000r\000o\000\040\000t\000o\000\040\000c\000h\000e\000v\000e\000r\000e}{}% 14
\BOOKMARK [1][-]{section.15}{\376\377\000E\000j\000e\000r\000c\000i\000c\000i\000o\000\040\0007\0007\000\040\000\050\000c\000o\000n\000\040\000e\000s\000t\000r\000e\000l\000l\000i\000t\000a\000\051}{}% 15
\BOOKMARK [1][-]{section.16}{\376\377\000P\000r\000o\000b\000l\000e\000m\000a\000\040\0001\000\040\000O\000M\000E\000\040\000F\000a\000s\000e\000\040\000L\000o\000c\000a\000l\000\040\000\050\000p\000e\000r\000o\000\040\000e\000n\000\040\000M\000u\000r\000c\000i\000a\000\051}{}% 16
\BOOKMARK [1][-]{section.17}{\376\377\000O\000t\000r\000o\000\040\000E\000j\000E\000r\000C\000i\000C\000i\000O\000\040\000d\000e\000\040\000l\000a\000\040\000O\000M\000E\000\040\000\050\000p\000a\000r\000a\000p\000a\000p\000a\000\051}{}% 17
\BOOKMARK [1][-]{section.18}{\376\377\000S\000e\000\040\000e\000c\000h\000a\000b\000a\000\040\000d\000e\000\040\000m\000e\000n\000o\000s}{}% 18
\BOOKMARK [1][-]{section.19}{\376\377\000S\000a\000l\000i\000\363\000\040\000e\000n\000\040\000P\000C\000r\000a}{}% 19
\BOOKMARK [1][-]{section.20}{\376\377\000E\000j\000e\000r\000c\000i\000c\000i\000o\000\040\0001\0004\000\040\000T\000O\000P\000E\000M\000\040\000\050\000m\000u\000y\000\040\000d\000i\000f\000\355\000c\000i\000l\000\040\000d\000i\000c\000e\000n\000\051\000.}{}% 20
\BOOKMARK [1][-]{section.21}{\376\377\000D\000e\000m\000o\000s\000t\000r\000a\000c\000i\000o\000n\000e\000s\000\040\000d\000e\000\040\000c\000o\000s\000a\000s\000\040\000a\000l\000e\000a\000t\000o\000r\000i\000a\000s\000\040\000U\000w\000U\000.}{}% 21
\BOOKMARK [2][-]{subsection.21.1}{\376\377\000D\000e\000f\000i\000n\000i\000c\000i\000\363\000n\000\040\000e\000q\000u\000i\000v\000a\000l\000e\000n\000t\000e\000\040\000d\000e\000\040\000i\000n\000t\000e\000r\000i\000o\000r\000.}{section.21}% 22
\BOOKMARK [2][-]{subsection.21.2}{\376\377\000P\000r\000p\000o\000s\000i\000c\000i\000\363\000n\000\040\000s\000i\000g\000u\000i\000e\000n\000t\000e\000\040\000a\000\040\000l\000o\000\040\000d\000e\000\040\000a\000n\000t\000e\000s\000\040\000\050\000l\000e\000\040\000p\000o\000d\000r\000\355\000a\000n\000\040\000p\000o\000n\000e\000r\000\040\000n\000u\000m\000e\000r\000i\000t\000o\000s\000\040\000l\000a\000\040\000v\000d\000d\000\051\000.}{section.21}% 23
\BOOKMARK [1][-]{section.22}{\376\377\000E\000j\000\040\0008\0005\000\040\000p\000r\000e\000c\000i\000o\000s\000o\000\040\000s\000e\000g\000\372\000n\000\040\000P\000e\000d\000r\000o\000\040\000F\000\050\000z\000\051\000\040\000\050\000p\000o\000s\000i\000b\000l\000e\000m\000e\000n\000t\000e\000\040\000n\000i\000\040\000s\000e\000p\000a\000\040\000h\000a\000c\000e\000r\000l\000o\000\051}{}% 24
\BOOKMARK [1][-]{section.23}{\376\377\000M\000\341\000s\000\040\000t\000o\000p\000o\000l\000o\000g\000\355\000a\000\040\000:\000\051\000\051}{}% 25
\BOOKMARK [1][-]{section.24}{\376\377\000S\000e\000g\000u\000i\000m\000o\000s\000\040\000\050\000c\000o\000n\000\040\000t\000o\000p\000o\000l\000o\000g\000\355\000a\000\051}{}% 26
\BOOKMARK [1][-]{section.25}{\376\377\000S\000o\000c\000o\000r\000r\000i\000e\000n\000d\000o\000\040\000a\000\040\000y\000i\000j\000a}{}% 27
\BOOKMARK [1][-]{section.26}{\376\377\000E\000X\000A\000M\000E\000N\000\040\000C\000O\000N\000J\000U\000N\000T\000O\000S\000\040\000Y\000\040\000N\000\332\000M\000E\000R\000O\000S\000\040\000M\000A\000Y\000O\000\040\0002\0000\0002\0004}{}% 28
\BOOKMARK [1][-]{section.27}{\376\377\000O\000T\000R\000O\000\040\000E\000X\000A\000M\000\311\000N\000\040\000D\000E\000\040\000C\000O\000N\000J\000U\000N\000T\000O\000S\000\040\000Y\000\040\000N\000\332\000M\000E\000R\000O\000S}{}% 29
\BOOKMARK [1][-]{section.28}{\376\377\000T\000e\000o\000r\000e\000m\000a\000\040\000\050\000d\000e\000\040\000B\000a\000n\000a\000c\000h\000\040\000o\000\040\000d\000e\000l\000\040\000p\000u\000n\000t\000o\000\040\000f\000i\000j\000o\000\051}{}% 30
\BOOKMARK [1][-]{section.29}{\376\377\000L\000o\000s\000\040\000c\000i\000r\000C\000u\000l\000o\000s}{}% 31
\BOOKMARK [1][-]{section.30}{\376\377\000C\000o\000m\000o\000\040\000s\000e\000\040\000p\000o\000r\000t\000a\000\040\000e\000l\000\040\000M\000a\000n\000o\000l\000o}{}% 32
\BOOKMARK [1][-]{section.31}{\376\377\000P\000r\000o\000b\000l\000e\000m\000a\000s\000\040\000M\000i\000s\000c\000e\000l\000\341\000n\000e\000a\000\040\000\050\000l\000i\000t\000\040\000l\000o\000s\000\040\000c\000h\000u\000p\000i\000s\000\051}{}% 33
\BOOKMARK [2][-]{subsection.31.1}{\376\377\000E\000s\000t\000a\000\040\000B\000l\000e\000r\000o\000?}{section.31}% 34
\BOOKMARK [1][-]{section.32}{\376\377\000P\000a\000r\000a\000\040\000r\000e\000l\000a\000j\000a\000r\000\040\000t\000e\000n\000s\000i\000o\000n\000e\000s\000\040\000\050\000P\000r\000o\000b\000l\000e\000m\000a\000s\000\040\000p\000a\000r\000a\000\040\000p\000o\000l\000l\000o\000s\000/\000p\000o\000l\000l\000a\000s\000\051}{}% 35
\BOOKMARK [1][-]{section.33}{\376\377\000P\000e\000r\000o\000\040\000q\000u\000e\000\040\000l\000e\000\040\000p\000a\000s\000a}{}% 36
\BOOKMARK [1][-]{section.34}{\376\377\000E\000s\000t\000r\000a\000m\000b\000\363\000t\000i\000c\000o}{}% 37
\BOOKMARK [1][-]{section.35}{\376\377\000T\000o\000d\000o\000\040\000v\000u\000e\000l\000v\000e}{}% 38
\BOOKMARK [1][-]{section.36}{\376\377\000O\000l\000i\000m\000p\000i\000a\000d\000a\000\040\000M\000a\000t\000e\000m\000\341\000t\000i\000c\000a\000\040\000E\000s\000p\000a\000\361\000o\000l\000a\000,\000\040\000F\000a\000s\000e\000\040\000L\000o\000c\000a\000l\000\040\000-\000\040\0002\0000\0002\0005}{}% 39
\BOOKMARK [1][-]{section.37}{\376\377\000R\000e\000s\000u\000l\000t\000a\000d\000o\000\040\000s\000i\000n\000\040\000m\000u\000c\000h\000o\000\040\000v\000a\000l\000o\000r\000\040\000p\000e\000r\000o\000\040\000q\000u\000e\000\040\000m\000e\000\040\000e\000n\000o\000r\000g\000u\000l\000l\000e\000c\000e}{}% 40
\BOOKMARK [1][-]{section.38}{\376\377\000S\000a\000l\000t\000e\000a\000d\000o\000\040\000d\000e\000\040\000\301\000l\000g\000e\000b\000r\000a\000\040\000L\000i\000n\000e\000a\000l}{}% 41
\BOOKMARK [1][-]{section.39}{\376\377\000C\000h\000a\000l\000l\000e\000n\000g\000e\000r}{}% 42
